<?xml version="1.0" encoding="UTF-8"?>
<coverage generated="1641990746928" clover="3.2.0">
  <project timestamp="1641990746928" name="All files">
    <metrics statements="60" coveredstatements="42" conditionals="15" coveredconditionals="5" methods="23" coveredmethods="16" elements="98" coveredelements="63" complexity="0" loc="60" ncloc="60" packages="2" files="8" classes="8"/>
    <package name="src">
      <metrics statements="33" coveredstatements="24" conditionals="6" coveredconditionals="4" methods="13" coveredmethods="10"/>
      <file name="App.tsx" path="/home/runner/work/otus-react-redux-hw-5/otus-react-redux-hw-5/src/App.tsx">
        <metrics statements="20" coveredstatements="13" conditionals="4" coveredconditionals="2" methods="7" coveredmethods="4"/>
        <line num="10" count="1" type="stmt"/>
        <line num="18" count="1" type="stmt"/>
        <line num="45" count="1" type="stmt"/>
        <line num="47" count="1" type="stmt"/>
        <line num="53" count="1" type="stmt"/>
        <line num="57" count="1" type="stmt"/>
        <line num="58" count="1" type="stmt"/>
        <line num="59" count="1" type="stmt"/>
        <line num="60" count="0" type="stmt"/>
        <line num="61" count="0" type="stmt"/>
        <line num="62" count="0" type="stmt"/>
        <line num="64" count="1" type="stmt"/>
        <line num="69" count="0" type="stmt"/>
        <line num="73" count="0" type="stmt"/>
        <line num="74" count="0" type="stmt"/>
        <line num="78" count="2" type="cond" truecount="1" falsecount="1"/>
        <line num="79" count="2" type="stmt"/>
        <line num="81" count="0" type="stmt"/>
        <line num="85" count="2" type="stmt"/>
        <line num="86" count="2" type="stmt"/>
      </file>
      <file name="AppBody.tsx" path="/home/runner/work/otus-react-redux-hw-5/otus-react-redux-hw-5/src/AppBody.tsx">
        <metrics statements="5" coveredstatements="5" conditionals="2" coveredconditionals="2" methods="3" coveredmethods="3"/>
        <line num="5" count="2" type="stmt"/>
        <line num="25" count="1" type="stmt"/>
        <line num="29" count="3" type="stmt"/>
        <line num="31" count="3" type="stmt"/>
        <line num="36" count="100" type="stmt"/>
      </file>
      <file name="AppBottom.tsx" path="/home/runner/work/otus-react-redux-hw-5/otus-react-redux-hw-5/src/AppBottom.tsx">
        <metrics statements="2" coveredstatements="2" conditionals="0" coveredconditionals="0" methods="1" coveredmethods="1"/>
        <line num="4" count="2" type="stmt"/>
        <line num="18" count="2" type="stmt"/>
      </file>
      <file name="AppHeader.tsx" path="/home/runner/work/otus-react-redux-hw-5/otus-react-redux-hw-5/src/AppHeader.tsx">
        <metrics statements="4" coveredstatements="4" conditionals="0" coveredconditionals="0" methods="2" coveredmethods="2"/>
        <line num="5" count="2" type="stmt"/>
        <line num="14" count="2" type="stmt"/>
        <line num="23" count="2" type="stmt"/>
        <line num="27" count="2" type="stmt"/>
      </file>
      <file name="index.tsx" path="/home/runner/work/otus-react-redux-hw-5/otus-react-redux-hw-5/src/index.tsx">
        <metrics statements="2" coveredstatements="0" conditionals="0" coveredconditionals="0" methods="0" coveredmethods="0"/>
        <line num="5" count="0" type="stmt"/>
        <line num="7" count="0" type="stmt"/>
      </file>
    </package>
    <package name="src.components">
      <metrics statements="27" coveredstatements="18" conditionals="9" coveredconditionals="1" methods="10" coveredmethods="6"/>
      <file name="Loading.tsx" path="/home/runner/work/otus-react-redux-hw-5/otus-react-redux-hw-5/src/components/Loading.tsx">
        <metrics statements="5" coveredstatements="5" conditionals="2" coveredconditionals="1" methods="1" coveredmethods="1"/>
        <line num="6" count="2" type="stmt"/>
        <line num="8" count="2" type="stmt"/>
        <line num="20" count="2" type="stmt"/>
        <line num="30" count="2" type="stmt"/>
        <line num="67" count="1" type="stmt"/>
      </file>
      <file name="SearchInput.tsx" path="/home/runner/work/otus-react-redux-hw-5/otus-react-redux-hw-5/src/components/SearchInput.tsx">
        <metrics statements="16" coveredstatements="9" conditionals="7" coveredconditionals="0" methods="7" coveredmethods="4"/>
        <line num="4" count="3" type="stmt"/>
        <line num="23" count="3" type="stmt"/>
        <line num="25" count="3" type="stmt"/>
        <line num="29" count="3" type="stmt"/>
        <line num="30" count="3" type="stmt"/>
        <line num="34" count="3" type="stmt"/>
        <line num="38" count="3" type="stmt"/>
        <line num="42" count="0" type="stmt"/>
        <line num="43" count="0" type="stmt"/>
        <line num="44" count="0" type="cond" truecount="0" falsecount="2"/>
        <line num="45" count="0" type="stmt"/>
        <line num="50" count="0" type="stmt"/>
        <line num="53" count="3" type="stmt"/>
        <line num="54" count="0" type="cond" truecount="0" falsecount="2"/>
        <line num="59" count="0" type="stmt"/>
        <line num="64" count="3" type="stmt"/>
      </file>
      <file name="UserForm.tsx" path="/home/runner/work/otus-react-redux-hw-5/otus-react-redux-hw-5/src/components/UserForm.tsx">
        <metrics statements="6" coveredstatements="4" conditionals="0" coveredconditionals="0" methods="2" coveredmethods="1"/>
        <line num="5" count="1" type="stmt"/>
        <line num="23" count="1" type="stmt"/>
        <line num="24" count="1" type="stmt"/>
        <line num="25" count="0" type="stmt"/>
        <line num="26" count="0" type="stmt"/>
        <line num="29" count="1" type="stmt"/>
      </file>
    </package>
  </project>
</coverage>
