{"/home/runner/work/otus-react-redux-hw-5/otus-react-redux-hw-5/src/App.tsx": {"path":"/home/runner/work/otus-react-redux-hw-5/otus-react-redux-hw-5/src/App.tsx","statementMap":{"0":{"start":{"line":10,"column":13},"end":{"line":16,"column":1}},"1":{"start":{"line":18,"column":18},"end":{"line":27,"column":1}},"2":{"start":{"line":45,"column":4},"end":{"line":45,"column":17}},"3":{"start":{"line":47,"column":4},"end":{"line":51,"column":6}},"4":{"start":{"line":53,"column":4},"end":{"line":53,"column":65}},"5":{"start":{"line":57,"column":4},"end":{"line":57,"column":54}},"6":{"start":{"line":58,"column":4},"end":{"line":65,"column":5}},"7":{"start":{"line":59,"column":23},"end":{"line":59,"column":80}},"8":{"start":{"line":60,"column":19},"end":{"line":60,"column":55}},"9":{"start":{"line":61,"column":6},"end":{"line":61,"column":48}},"10":{"start":{"line":62,"column":6},"end":{"line":62,"column":24}},"11":{"start":{"line":64,"column":6},"end":{"line":64,"column":57}},"12":{"start":{"line":69,"column":4},"end":{"line":69,"column":34}},"13":{"start":{"line":73,"column":4},"end":{"line":73,"column":45}},"14":{"start":{"line":74,"column":4},"end":{"line":74,"column":39}},"15":{"start":{"line":78,"column":4},"end":{"line":80,"column":5}},"16":{"start":{"line":79,"column":6},"end":{"line":79,"column":29}},"17":{"start":{"line":81,"column":4},"end":{"line":81,"column":88}},"18":{"start":{"line":81,"column":44},"end":{"line":81,"column":86}},"19":{"start":{"line":85,"column":17},"end":{"line":85,"column":31}},"20":{"start":{"line":86,"column":4},"end":{"line":96,"column":6}}},"fnMap":{"0":{"name":"(anonymous_0)","decl":{"start":{"line":44,"column":2},"end":{"line":44,"column":3}},"loc":{"start":{"line":44,"column":25},"end":{"line":54,"column":3}},"line":44},"1":{"name":"(anonymous_1)","decl":{"start":{"line":56,"column":2},"end":{"line":56,"column":3}},"loc":{"start":{"line":56,"column":28},"end":{"line":66,"column":3}},"line":56},"2":{"name":"(anonymous_2)","decl":{"start":{"line":68,"column":2},"end":{"line":68,"column":3}},"loc":{"start":{"line":68,"column":62},"end":{"line":70,"column":3}},"line":68},"3":{"name":"(anonymous_3)","decl":{"start":{"line":72,"column":2},"end":{"line":72,"column":3}},"loc":{"start":{"line":72,"column":37},"end":{"line":75,"column":3}},"line":72},"4":{"name":"(anonymous_4)","decl":{"start":{"line":77,"column":2},"end":{"line":77,"column":3}},"loc":{"start":{"line":77,"column":12},"end":{"line":82,"column":3}},"line":77},"5":{"name":"(anonymous_5)","decl":{"start":{"line":81,"column":34},"end":{"line":81,"column":35}},"loc":{"start":{"line":81,"column":44},"end":{"line":81,"column":86}},"line":81},"6":{"name":"(anonymous_6)","decl":{"start":{"line":84,"column":2},"end":{"line":84,"column":3}},"loc":{"start":{"line":84,"column":11},"end":{"line":97,"column":3}},"line":84}},"branchMap":{"0":{"loc":{"start":{"line":78,"column":4},"end":{"line":80,"column":5}},"type":"if","locations":[{"start":{"line":78,"column":4},"end":{"line":80,"column":5}},{"start":{},"end":{}}],"line":78},"1":{"loc":{"start":{"line":94,"column":9},"end":{"line":94,"column":44}},"type":"binary-expr","locations":[{"start":{"line":94,"column":9},"end":{"line":94,"column":29}},{"start":{"line":94,"column":33},"end":{"line":94,"column":44}}],"line":94}},"s":{"0":1,"1":1,"2":1,"3":1,"4":1,"5":1,"6":1,"7":1,"8":0,"9":0,"10":0,"11":1,"12":0,"13":0,"14":0,"15":2,"16":2,"17":0,"18":0,"19":2,"20":2},"f":{"0":1,"1":1,"2":0,"3":0,"4":2,"5":0,"6":2},"b":{"0":[2,0],"1":[2,0]},"_coverageSchema":"1a1c01bbd47fc00a2c39e90264f33305004495a9","hash":"aeb01792acbc7d0b801c5590491d0665680ee8a9"}
,"/home/runner/work/otus-react-redux-hw-5/otus-react-redux-hw-5/src/AppBody.tsx": {"path":"/home/runner/work/otus-react-redux-hw-5/otus-react-redux-hw-5/src/AppBody.tsx","statementMap":{"0":{"start":{"line":5,"column":13},"end":{"line":17,"column":1}},"1":{"start":{"line":25,"column":4},"end":{"line":25,"column":60}},"2":{"start":{"line":29,"column":21},"end":{"line":29,"column":31}},"3":{"start":{"line":31,"column":4},"end":{"line":45,"column":6}},"4":{"start":{"line":36,"column":14},"end":{"line":38,"column":19}}},"fnMap":{"0":{"name":"(anonymous_0)","decl":{"start":{"line":23,"column":2},"end":{"line":23,"column":3}},"loc":{"start":{"line":23,"column":50},"end":{"line":26,"column":3}},"line":23},"1":{"name":"(anonymous_1)","decl":{"start":{"line":28,"column":2},"end":{"line":28,"column":3}},"loc":{"start":{"line":28,"column":11},"end":{"line":46,"column":3}},"line":28},"2":{"name":"(anonymous_2)","decl":{"start":{"line":35,"column":33},"end":{"line":35,"column":34}},"loc":{"start":{"line":36,"column":14},"end":{"line":38,"column":19}},"line":36}},"branchMap":{"0":{"loc":{"start":{"line":33,"column":9},"end":{"line":43,"column":9}},"type":"cond-expr","locations":[{"start":{"line":34,"column":10},"end":{"line":40,"column":15}},{"start":{"line":42,"column":10},"end":{"line":42,"column":46}}],"line":33}},"s":{"0":2,"1":1,"2":3,"3":3,"4":100},"f":{"0":1,"1":3,"2":100},"b":{"0":[1,2]},"_coverageSchema":"1a1c01bbd47fc00a2c39e90264f33305004495a9","hash":"c35eb3f9312419dc3a8ffbbfbac0bb5801ff4338"}
,"/home/runner/work/otus-react-redux-hw-5/otus-react-redux-hw-5/src/AppBottom.tsx": {"path":"/home/runner/work/otus-react-redux-hw-5/otus-react-redux-hw-5/src/AppBottom.tsx","statementMap":{"0":{"start":{"line":4,"column":13},"end":{"line":11,"column":1}},"1":{"start":{"line":18,"column":4},"end":{"line":22,"column":6}}},"fnMap":{"0":{"name":"(anonymous_0)","decl":{"start":{"line":17,"column":2},"end":{"line":17,"column":3}},"loc":{"start":{"line":17,"column":11},"end":{"line":23,"column":3}},"line":17}},"branchMap":{},"s":{"0":2,"1":2},"f":{"0":2},"b":{},"_coverageSchema":"1a1c01bbd47fc00a2c39e90264f33305004495a9","hash":"c291e526f2efb4a58bcf225b12cb7c7d1a027727"}
,"/home/runner/work/otus-react-redux-hw-5/otus-react-redux-hw-5/src/AppHeader.tsx": {"path":"/home/runner/work/otus-react-redux-hw-5/otus-react-redux-hw-5/src/AppHeader.tsx","statementMap":{"0":{"start":{"line":5,"column":13},"end":{"line":12,"column":1}},"1":{"start":{"line":14,"column":14},"end":{"line":16,"column":1}},"2":{"start":{"line":23,"column":4},"end":{"line":23,"column":17}},"3":{"start":{"line":27,"column":4},"end":{"line":32,"column":6}}},"fnMap":{"0":{"name":"(anonymous_0)","decl":{"start":{"line":22,"column":2},"end":{"line":22,"column":3}},"loc":{"start":{"line":22,"column":33},"end":{"line":24,"column":3}},"line":22},"1":{"name":"(anonymous_1)","decl":{"start":{"line":26,"column":2},"end":{"line":26,"column":3}},"loc":{"start":{"line":26,"column":11},"end":{"line":33,"column":3}},"line":26}},"branchMap":{},"s":{"0":2,"1":2,"2":2,"3":2},"f":{"0":2,"1":2},"b":{},"_coverageSchema":"1a1c01bbd47fc00a2c39e90264f33305004495a9","hash":"ce4ac4596b99b4833d3ac88e2d62cfb1138b1bd9"}
,"/home/runner/work/otus-react-redux-hw-5/otus-react-redux-hw-5/src/index.tsx": {"path":"/home/runner/work/otus-react-redux-hw-5/otus-react-redux-hw-5/src/index.tsx","statementMap":{"0":{"start":{"line":5,"column":20},"end":{"line":5,"column":51}},"1":{"start":{"line":7,"column":0},"end":{"line":12,"column":2}}},"fnMap":{},"branchMap":{},"s":{"0":0,"1":0},"f":{},"b":{}}
,"/home/runner/work/otus-react-redux-hw-5/otus-react-redux-hw-5/src/components/Loading.tsx": {"path":"/home/runner/work/otus-react-redux-hw-5/otus-react-redux-hw-5/src/components/Loading.tsx","statementMap":{"0":{"start":{"line":6,"column":16},"end":{"line":6,"column":50}},"1":{"start":{"line":8,"column":19},"end":{"line":18,"column":1}},"2":{"start":{"line":20,"column":15},"end":{"line":28,"column":1}},"3":{"start":{"line":30,"column":13},"end":{"line":63,"column":1}},"4":{"start":{"line":67,"column":4},"end":{"line":80,"column":6}}},"fnMap":{"0":{"name":"(anonymous_0)","decl":{"start":{"line":66,"column":2},"end":{"line":66,"column":3}},"loc":{"start":{"line":66,"column":11},"end":{"line":81,"column":3}},"line":66}},"branchMap":{"0":{"loc":{"start":{"line":68,"column":6},"end":{"line":79,"column":7}},"type":"binary-expr","locations":[{"start":{"line":68,"column":6},"end":{"line":68,"column":13}},{"start":{"line":69,"column":6},"end":{"line":79,"column":7}}],"line":68}},"s":{"0":2,"1":2,"2":2,"3":2,"4":1},"f":{"0":1},"b":{"0":[1,0]},"_coverageSchema":"1a1c01bbd47fc00a2c39e90264f33305004495a9","hash":"16d433fd8e7314ecfc870307533a7fc98c523a1a"}
,"/home/runner/work/otus-react-redux-hw-5/otus-react-redux-hw-5/src/components/SearchInput.tsx": {"path":"/home/runner/work/otus-react-redux-hw-5/otus-react-redux-hw-5/src/components/SearchInput.tsx","statementMap":{"0":{"start":{"line":4,"column":13},"end":{"line":10,"column":1}},"1":{"start":{"line":23,"column":4},"end":{"line":23,"column":17}},"2":{"start":{"line":25,"column":4},"end":{"line":27,"column":6}},"3":{"start":{"line":29,"column":4},"end":{"line":29,"column":53}},"4":{"start":{"line":30,"column":4},"end":{"line":30,"column":35}},"5":{"start":{"line":34,"column":4},"end":{"line":34,"column":59}},"6":{"start":{"line":38,"column":4},"end":{"line":38,"column":62}},"7":{"start":{"line":42,"column":21},"end":{"line":42,"column":48}},"8":{"start":{"line":43,"column":21},"end":{"line":43,"column":49}},"9":{"start":{"line":44,"column":4},"end":{"line":46,"column":5}},"10":{"start":{"line":45,"column":6},"end":{"line":45,"column":36}},"11":{"start":{"line":50,"column":4},"end":{"line":50,"column":45}},"12":{"start":{"line":53,"column":18},"end":{"line":61,"column":3}},"13":{"start":{"line":54,"column":4},"end":{"line":60,"column":5}},"14":{"start":{"line":59,"column":6},"end":{"line":59,"column":33}},"15":{"start":{"line":64,"column":4},"end":{"line":74,"column":6}}},"fnMap":{"0":{"name":"(anonymous_0)","decl":{"start":{"line":22,"column":2},"end":{"line":22,"column":3}},"loc":{"start":{"line":22,"column":34},"end":{"line":31,"column":3}},"line":22},"1":{"name":"(anonymous_1)","decl":{"start":{"line":33,"column":2},"end":{"line":33,"column":3}},"loc":{"start":{"line":33,"column":22},"end":{"line":35,"column":3}},"line":33},"2":{"name":"(anonymous_2)","decl":{"start":{"line":37,"column":2},"end":{"line":37,"column":3}},"loc":{"start":{"line":37,"column":25},"end":{"line":39,"column":3}},"line":37},"3":{"name":"(anonymous_3)","decl":{"start":{"line":41,"column":2},"end":{"line":41,"column":3}},"loc":{"start":{"line":41,"column":60},"end":{"line":47,"column":3}},"line":41},"4":{"name":"(anonymous_4)","decl":{"start":{"line":49,"column":2},"end":{"line":49,"column":3}},"loc":{"start":{"line":49,"column":55},"end":{"line":51,"column":3}},"line":49},"5":{"name":"(anonymous_5)","decl":{"start":{"line":53,"column":18},"end":{"line":53,"column":19}},"loc":{"start":{"line":53,"column":24},"end":{"line":61,"column":3}},"line":53},"6":{"name":"(anonymous_6)","decl":{"start":{"line":63,"column":2},"end":{"line":63,"column":3}},"loc":{"start":{"line":63,"column":11},"end":{"line":75,"column":3}},"line":63}},"branchMap":{"0":{"loc":{"start":{"line":44,"column":4},"end":{"line":46,"column":5}},"type":"if","locations":[{"start":{"line":44,"column":4},"end":{"line":46,"column":5}},{"start":{},"end":{}}],"line":44},"1":{"loc":{"start":{"line":54,"column":4},"end":{"line":60,"column":5}},"type":"if","locations":[{"start":{"line":54,"column":4},"end":{"line":60,"column":5}},{"start":{},"end":{}}],"line":54},"2":{"loc":{"start":{"line":55,"column":6},"end":{"line":57,"column":51}},"type":"binary-expr","locations":[{"start":{"line":55,"column":6},"end":{"line":55,"column":26}},{"start":{"line":56,"column":6},"end":{"line":56,"column":24}},{"start":{"line":57,"column":6},"end":{"line":57,"column":51}}],"line":55}},"s":{"0":3,"1":3,"2":3,"3":3,"4":3,"5":3,"6":3,"7":0,"8":0,"9":0,"10":0,"11":0,"12":3,"13":0,"14":0,"15":3},"f":{"0":3,"1":3,"2":3,"3":0,"4":0,"5":0,"6":3},"b":{"0":[0,0],"1":[0,0],"2":[0,0,0]},"_coverageSchema":"1a1c01bbd47fc00a2c39e90264f33305004495a9","hash":"1498d3c21c06daef342114e99b51e0408e3e38de"}
,"/home/runner/work/otus-react-redux-hw-5/otus-react-redux-hw-5/src/components/UserForm.tsx": {"path":"/home/runner/work/otus-react-redux-hw-5/otus-react-redux-hw-5/src/components/UserForm.tsx","statementMap":{"0":{"start":{"line":5,"column":13},"end":{"line":13,"column":1}},"1":{"start":{"line":23,"column":32},"end":{"line":44,"column":1}},"2":{"start":{"line":24,"column":23},"end":{"line":27,"column":3}},"3":{"start":{"line":25,"column":4},"end":{"line":25,"column":24}},"4":{"start":{"line":26,"column":4},"end":{"line":26,"column":21}},"5":{"start":{"line":29,"column":2},"end":{"line":43,"column":4}}},"fnMap":{"0":{"name":"(anonymous_0)","decl":{"start":{"line":23,"column":32},"end":{"line":23,"column":33}},"loc":{"start":{"line":23,"column":63},"end":{"line":44,"column":1}},"line":23},"1":{"name":"(anonymous_1)","decl":{"start":{"line":24,"column":23},"end":{"line":24,"column":24}},"loc":{"start":{"line":24,"column":91},"end":{"line":27,"column":3}},"line":24}},"branchMap":{},"s":{"0":1,"1":1,"2":1,"3":0,"4":0,"5":1},"f":{"0":1,"1":0},"b":{},"_coverageSchema":"1a1c01bbd47fc00a2c39e90264f33305004495a9","hash":"b599b9f778c754ef830415dd109aca43a4726848"}
}
