TN:
SF:src/App.tsx
FN:44,(anonymous_0)
FN:56,(anonymous_1)
FN:68,(anonymous_2)
FN:72,(anonymous_3)
FN:77,(anonymous_4)
FN:81,(anonymous_5)
FN:84,(anonymous_6)
FNF:7
FNH:4
FNDA:1,(anonymous_0)
FNDA:1,(anonymous_1)
FNDA:0,(anonymous_2)
FNDA:0,(anonymous_3)
FNDA:2,(anonymous_4)
FNDA:0,(anonymous_5)
FNDA:2,(anonymous_6)
DA:10,1
DA:18,1
DA:45,1
DA:47,1
DA:53,1
DA:57,1
DA:58,1
DA:59,1
DA:60,0
DA:61,0
DA:62,0
DA:64,1
DA:69,0
DA:73,0
DA:74,0
DA:78,2
DA:79,2
DA:81,0
DA:85,2
DA:86,2
LF:20
LH:13
BRDA:78,0,0,2
BRDA:78,0,1,0
BRDA:94,1,0,2
BRDA:94,1,1,0
BRF:4
BRH:2
end_of_record
TN:
SF:src/AppBody.tsx
FN:22,(anonymous_0)
FN:27,(anonymous_1)
FN:34,(anonymous_2)
FNF:3
FNH:3
FNDA:1,(anonymous_0)
FNDA:3,(anonymous_1)
FNDA:100,(anonymous_2)
DA:5,2
DA:24,1
DA:28,3
DA:30,3
DA:35,100
LF:5
LH:5
BRDA:32,0,0,1
BRDA:32,0,1,2
BRF:2
BRH:2
end_of_record
TN:
SF:src/AppBottom.tsx
FN:17,(anonymous_0)
FNF:1
FNH:1
FNDA:2,(anonymous_0)
DA:4,2
DA:18,2
LF:2
LH:2
BRF:0
BRH:0
end_of_record
TN:
SF:src/AppHeader.tsx
FN:22,(anonymous_0)
FN:37,(anonymous_1)
FN:41,(anonymous_2)
FNF:3
FNH:2
FNDA:2,(anonymous_0)
FNDA:0,(anonymous_1)
FNDA:2,(anonymous_2)
DA:6,2
DA:23,2
DA:25,2
DA:26,2
DA:30,2
DA:31,0
DA:34,2
DA:38,0
DA:42,2
LF:9
LH:7
BRDA:30,0,0,0
BRDA:30,0,1,2
BRF:2
BRH:1
end_of_record
TN:
SF:src/index.tsx
FNF:0
FNH:0
DA:5,0
DA:7,0
LF:2
LH:0
BRF:0
BRH:0
end_of_record
TN:
SF:src/components/Loading.tsx
FN:66,(anonymous_0)
FNF:1
FNH:1
FNDA:1,(anonymous_0)
DA:6,2
DA:8,2
DA:20,2
DA:30,2
DA:67,1
LF:5
LH:5
BRDA:68,0,0,1
BRDA:68,0,1,0
BRF:2
BRH:1
end_of_record
TN:
SF:src/components/SearchInput.tsx
FN:22,(anonymous_0)
FN:33,(anonymous_1)
FN:37,(anonymous_2)
FN:41,(anonymous_3)
FN:49,(anonymous_4)
FN:53,(anonymous_5)
FN:63,(anonymous_6)
FNF:7
FNH:4
FNDA:3,(anonymous_0)
FNDA:3,(anonymous_1)
FNDA:3,(anonymous_2)
FNDA:0,(anonymous_3)
FNDA:0,(anonymous_4)
FNDA:0,(anonymous_5)
FNDA:3,(anonymous_6)
DA:4,3
DA:23,3
DA:25,3
DA:29,3
DA:30,3
DA:34,3
DA:38,3
DA:42,0
DA:43,0
DA:44,0
DA:45,0
DA:50,0
DA:53,3
DA:54,0
DA:59,0
DA:64,3
LF:16
LH:9
BRDA:44,0,0,0
BRDA:44,0,1,0
BRDA:54,1,0,0
BRDA:54,1,1,0
BRDA:55,2,0,0
BRDA:55,2,1,0
BRDA:55,2,2,0
BRF:7
BRH:0
end_of_record
TN:
SF:src/components/UserForm.tsx
FN:38,(anonymous_0)
FN:51,(anonymous_1)
FN:55,(anonymous_2)
FN:59,(anonymous_3)
FN:61,(anonymous_4)
FN:64,(anonymous_5)
FNF:6
FNH:6
FNDA:4,(anonymous_0)
FNDA:1,(anonymous_1)
FNDA:16,(anonymous_2)
FNDA:12,(anonymous_3)
FNDA:12,(anonymous_4)
FNDA:16,(anonymous_5)
DA:5,3
DA:24,3
DA:39,4
DA:41,4
DA:46,4
DA:47,4
DA:48,4
DA:52,1
DA:56,16
DA:60,12
DA:61,12
DA:65,16
LF:12
LH:12
BRF:0
BRH:0
end_of_record
